[
	["can you assist Susan in arranging the PhysicalArtifact on the PhysicalPlace PhysicalArtifact, please?",
		["MISSING", [["PhysicalArtifact", "Destination", "PhysicalArtifact"]]]],
	["could you kindly assist Kevin in setting up the PhysicalArtifact on the PhysicalPlace PhysicalArtifact?",
		["MISSING", [["NaturalPerson", "BeneficiaryRole", "Kevin"]]]],
	["could you offer your assistance in placing the PhysicalArtifact on the PhysicalArtifact in the PhysicalPlace?",
		["MISSING", [["PhysicalArtifact", "Destination", "PhysicalArtifact"]]]],
	["would you be able to help Julia with the task of arranging the PhysicalArtifact next to the PhysicalArtifact on the PhysicalArtifact?",
		["MISSING", [["PhysicalArtifact", "Location", "PhysicalArtifact"]]]],
	["would you mind helping Gabrielle set up the PhysicalArtifact on the PhysicalArtifact in the PhysicalPlace?",
		["MISSING", [["PhysicalArtifact", "Destination", "PhysicalArtifact"]]]],
	["would you mind helping James set up the PhysicalArtifact on the PhysicalArtifact in the PhysicalPlace?",
		["Arranging", "Transporting"],
		["MISSING", [["PhysicalArtifact", "Destination", "PhysicalArtifact"]]]],
	["would you mind helping Jules set up the PhysicalArtifact on the PhysicalArtifact in the PhysicalPlace?",
		["Arranging", "Transporting"],
		["MISSING", [["PhysicalArtifact", "Destination", "PhysicalArtifact"]]]],
	["would you mind helping him set up the PhysicalArtifact on the PhysicalArtifact in the PhysicalPlace?",
		["Arranging", "Transporting"],
		["MISSING", [["NaturalPerson", "BeneficiaryRole", "him"], ["PhysicalArtifact", "Destination", "PhysicalArtifact"]]]],
	["would you mind partnering with Gabrielle to arrange the PhysicalArtifact on the PhysicalPlace PhysicalArtifact?",
		["MISSMATCH", [[["PhysicalPlace", "Item", "PhysicalPlace"], ["PhysicalPlace", "Location", "PhysicalPlace"]]]]],
	["would you mind partnering with Harrie to arrange the PhysicalArtifact on the PhysicalPlace PhysicalArtifact?",
		["MISSMATCH", [[["PhysicalPlace", "Item", "PhysicalPlace"], ["PhysicalPlace", "Location", "PhysicalPlace"]]]]],
	["would you mind partnering with Stephanie to arrange the PhysicalArtifact on the PhysicalPlace PhysicalArtifact?",
		["MISSMATCH", [[["PhysicalPlace", "Item", "PhysicalPlace"], ["PhysicalPlace", "Location", "PhysicalPlace"]]]]],
	["can you sweep the PhysicalPlace?",
		["MISSMATCH", [[["PhysicalPlace", "Item", "PhysicalPlace"], ["PhysicalPlace", "Location", "PhysicalPlace"]]]]],
	["clean the PhysicalPlace",
		["MISSMATCH", [[["PhysicalPlace", "Item", "PhysicalPlace"], ["PhysicalPlace", "Location", "PhysicalPlace"]]]]],
	["could you wipe the PhysicalArtifact?",
		["MISSMATCH", [[["PhysicalArtifact", "Item", "PhysicalArtifact"], ["PhysicalArtifact", "Destination", "PhysicalArtifact"]]]]],
	["go grab a drink from the PhysicalPlace",
		["MISSMATCH", [[["PhysicalPlace", "Origin", "PhysicalPlace"], ["PhysicalPlace", "Destination", "PhysicalPlace"]]]]],
	["grab a PhysicalArtifact from the PhysicalPlace.",
		["MISSMATCH", [[["PhysicalPlace", "Origin", "PhysicalPlace"], ["PhysicalPlace", "Location", "PhysicalPlace"]]]]],
	["can you help Daniel find a PhysicalArtifact?",
		["MISSMATCH", [[["PhysicalArtifact", "Item", "PhysicalArtifact"], ["PhysicalArtifact", "Destination", "PhysicalArtifact"]]]]],
	["can you help Emma find a PhysicalArtifact?",
		["MISSMATCH", [[["PhysicalArtifact", "Item", "PhysicalArtifact"], ["PhysicalArtifact", "Destination", "PhysicalArtifact"]]]]],
	["can you help boy find a PhysicalArtifact?",
		["MISSMATCH", [[["PhysicalArtifact", "Item", "PhysicalArtifact"], ["PhysicalArtifact", "Destination", "PhysicalArtifact"]]]]],
	["I am James and I like to drink drink",
		["Receptionist", "Order"]],
	["hi there, mrs here. my favorite drink is drink.",
		["MISSING", [["NaturalPerson", "BeneficiaryRole", "mrs"]]]],
	["hi, my favorite drink is drink. i 'm Adel.",
		["MISSING", [["drink", "Item", "drink"]]]],
	["hi, my favorite drink is drink. i 'm Hayley.",
		["MISSING", [["drink", "Item", "drink"]]]],
	["hi, my go-to drink is drink. i 'm mr.",
		["MISSING", [["drink", "Item", "drink"]]]],
	["i 'm Kevin and love to drink drink.",
		["Receptionist", "Order"],
		["MISSING", [["NaturalPerson", "BeneficiaryRole", "Kevin"]]]],
	["i 'm Stephanie and love to drink drink.",
		["Receptionist", "Order"]],
	["bring Joseph a drink",
		["MISSMATCH", [[["drink", "Item", "drink"], ["drink", "outcome", "drink"]]]]],
	["can you move the PhysicalArtifact to the PhysicalArtifact in the PhysicalPlace?",
		["MISSMATCH", [[["PhysicalPlace", "Location", "PhysicalPlace"], ["PhysicalPlace", "Destination", "PhysicalPlace"]]]],
		["MISSING", [["PhysicalArtifact", "Destination", "PhysicalArtifact"]]]],
	["can you move the food to the PhysicalArtifact in the PhysicalPlace?",
		["MISSMATCH", [[["PhysicalArtifact", "Destination", "PhysicalArtifact"], ["PhysicalArtifact", "Item", "PhysicalArtifact"]], [["PhysicalPlace", "Location", "PhysicalPlace"], ["PhysicalPlace", "Destination", "PhysicalPlace"]]]]],
	["get Robin a PhysicalArtifact",
		["MISSMATCH", [[["PhysicalArtifact", "Item", "PhysicalArtifact"], ["PhysicalArtifact", "Destination", "PhysicalArtifact"]]]]],
	["get missus a drink",
		["Transporting", "nlu_fallback"]],
	["move the PhysicalArtifact to the PhysicalArtifact in the PhysicalPlace?",
		["MISSMATCH", [[["PhysicalPlace", "Location", "PhysicalPlace"], ["PhysicalPlace", "Destination", "PhysicalPlace"]]]],
		["MISSING", [["PhysicalArtifact", "Destination", "PhysicalArtifact"]]]],
	["move the drink to the PhysicalArtifact in the PhysicalPlace?",
		["MISSMATCH", [[["PhysicalArtifact", "Destination", "PhysicalArtifact"], ["PhysicalArtifact", "Item", "PhysicalArtifact"]], [["PhysicalPlace", "Location", "PhysicalPlace"], ["PhysicalPlace", "Destination", "PhysicalPlace"]]]]],
	["take the PhysicalArtifact to the PhysicalArtifact in the PhysicalPlace?",
		["MISSING", [["PhysicalArtifact", "Destination", "PhysicalArtifact"]]]],
	["could you cook food for Charlie",
		["cooking_help", "LookingFor"],
		["MISSMATCH", [[["food", "outcome", "food"], ["food", "Item", "food"]]]]]
]
